2025-12-01 15:11:24,555 - INFO - Starting experiment: gru_tmaze
2025-12-01 15:11:24,555 - INFO - Model: gru, Environment: tmaze
2025-12-01 15:11:24,555 - INFO - Model config: GRUConfig(hidden_size=128, num_layers=1, learning_rate=0.001, batch_size=1, clip_grad=0.25)
2025-12-01 15:11:24,555 - INFO - Environment config: TMazeConfig(name='tmaze', length=2, stochasticity=0.1, irrelevant_features=0, obs_mode='position')
2025-12-01 15:11:24,555 - INFO - Training config: TrainingConfig(num_episodes=500, eval_period=100, eval_every=100, num_rollouts=50, save_period=1000, save_every=100, log_dir='./logs', save_dir='./models', seed=1, cuda=False)
2025-12-01 15:11:24,555 - INFO - Using CPU
2025-12-01 15:11:24,556 - INFO - Created environment: TMazeEnvironment
2025-12-01 15:11:25,178 - INFO - Created agent: GRUAgent
2025-12-01 15:11:25,179 - INFO - Starting GRU training on T-maze
2025-12-01 15:11:26,002 - INFO - Evaluating agent for 50 rollouts
2025-12-01 15:11:26,129 - INFO - Evaluation Results - Avg Reward: -0.226, Success Rate: 0.140
2025-12-01 15:11:26,129 - INFO - Episode 100/500, Eval Avg Reward: -0.226, Eval Success Rate: 0.140, Train Loss: 1.6666
2025-12-01 15:11:26,131 - INFO - Model saved to logs/gru_tmaze/model_episode_100.pt
2025-12-01 15:11:26,971 - INFO - Evaluating agent for 50 rollouts
2025-12-01 15:11:27,144 - INFO - Evaluation Results - Avg Reward: 0.178, Success Rate: 0.200
2025-12-01 15:11:27,145 - INFO - Episode 200/500, Eval Avg Reward: 0.178, Eval Success Rate: 0.200, Train Loss: 1.6667
2025-12-01 15:11:27,145 - INFO - Model saved to logs/gru_tmaze/model_episode_200.pt
2025-12-01 15:11:27,953 - INFO - Evaluating agent for 50 rollouts
2025-12-01 15:11:28,064 - INFO - Evaluation Results - Avg Reward: 0.378, Success Rate: 0.240
2025-12-01 15:11:28,064 - INFO - Episode 300/500, Eval Avg Reward: 0.378, Eval Success Rate: 0.240, Train Loss: 1.2135
2025-12-01 15:11:28,065 - INFO - Model saved to logs/gru_tmaze/model_episode_300.pt
2025-12-01 15:11:28,994 - INFO - Evaluating agent for 50 rollouts
2025-12-01 15:11:29,129 - INFO - Evaluation Results - Avg Reward: 0.442, Success Rate: 0.280
2025-12-01 15:11:29,129 - INFO - Episode 400/500, Eval Avg Reward: 0.442, Eval Success Rate: 0.280, Train Loss: 1.4312
2025-12-01 15:11:29,130 - INFO - Model saved to logs/gru_tmaze/model_episode_400.pt
2025-12-01 15:11:30,042 - INFO - Evaluating agent for 50 rollouts
2025-12-01 15:11:30,151 - INFO - Evaluation Results - Avg Reward: 0.826, Success Rate: 0.360
2025-12-01 15:11:30,152 - INFO - Episode 500/500, Eval Avg Reward: 0.826, Eval Success Rate: 0.360, Train Loss: 0.5118
2025-12-01 15:11:30,152 - INFO - Model saved to logs/gru_tmaze/model_episode_500.pt
2025-12-01 15:11:30,184 - INFO - Training trajectories and activations saved to logs/gru_tmaze/train_episodes_tmaze_1764569490.npz
2025-12-01 15:11:30,188 - INFO - Training completed in 5.01 seconds
2025-12-01 15:11:30,189 - INFO - Evaluating agent for 50 rollouts
2025-12-01 15:11:30,308 - INFO - Evaluation Results - Avg Reward: 0.448, Success Rate: 0.280
2025-12-01 15:11:30,309 - INFO - Final model saved to logs/gru_tmaze/gru_tmaze_final.pt
2025-12-01 15:11:30,310 - INFO - Evaluation checkpoint saved to logs/gru_tmaze/model.pt
2025-12-01 15:11:30,310 - INFO - ==================================================
2025-12-01 15:11:30,310 - INFO - EXPERIMENT SUMMARY
2025-12-01 15:11:30,310 - INFO - ==================================================
2025-12-01 15:11:30,310 - INFO - Model: gru
2025-12-01 15:11:30,310 - INFO - Environment: tmaze
2025-12-01 15:11:30,310 - INFO - Training Episodes: 500
2025-12-01 15:11:30,310 - INFO - Final Avg Reward: 0.448
2025-12-01 15:11:30,310 - INFO - Success Rate: 0.280
2025-12-01 15:11:30,310 - INFO - Training Time: 5.01s
2025-12-01 15:11:30,310 - INFO - ==================================================
