2025-12-25 13:42:41,529 - INFO - Starting experiment: drqn_mdp
2025-12-25 13:42:41,529 - INFO - Model: drqn, Environment: mdp
2025-12-25 13:42:41,529 - INFO - Model config: DRQNConfig(hidden_size=32, num_layers=2, learning_rate=0.001, batch_size=1, epsilon=0.1, gamma=0.98, buffer_capacity=8192, target_update_freq=10, cell_type='gru')
2025-12-25 13:42:41,529 - INFO - Environment config: MDPConfig(name='mdp', s1_duration=1, s2_duration=1)
2025-12-25 13:42:41,529 - INFO - Training config: TrainingConfig(num_episodes=100, eval_period=100, eval_every=100, num_rollouts=50, save_period=1000, save_every=100, log_dir='./logs', save_dir='./models', seed=1, cuda=True)
2025-12-25 13:42:41,529 - INFO - Using CUDA
2025-12-25 13:42:41,529 - INFO - Created environment: MDPEnvironment
2025-12-25 13:42:42,436 - INFO - Created agent: DRQNAgent
2025-12-25 13:42:42,437 - INFO - Starting DRQN training on Two-Step task
2025-12-25 13:42:42,950 - INFO - Evaluating agent for 50 rollouts
2025-12-25 13:42:42,980 - INFO - Evaluation Results - Avg Reward: 0.540, Success Rate: 0.540
2025-12-25 13:42:42,980 - INFO - Episode 100/100, Eval Avg Reward: 0.540, Eval Success Rate: 0.540, Train Loss: 0.0000
2025-12-25 13:42:42,986 - INFO - Model saved to logs/drqn_mdp/model_episode_100.pt
2025-12-25 13:42:42,987 - INFO - Training trajectories and activations saved to logs/drqn_mdp/train_episodes_mdp_1766637762.npz
2025-12-25 13:42:42,988 - INFO - Training completed in 0.55 seconds
2025-12-25 13:42:42,988 - INFO - Evaluating agent for 50 rollouts
2025-12-25 13:42:43,019 - INFO - Evaluation Results - Avg Reward: 0.480, Success Rate: 0.480
2025-12-25 13:42:43,022 - INFO - Final model saved to logs/drqn_mdp/drqn_mdp_final.pt
2025-12-25 13:42:43,025 - INFO - Evaluation checkpoint saved to logs/drqn_mdp/model.pt
2025-12-25 13:42:43,025 - INFO - ==================================================
2025-12-25 13:42:43,025 - INFO - EXPERIMENT SUMMARY
2025-12-25 13:42:43,025 - INFO - ==================================================
2025-12-25 13:42:43,025 - INFO - Model: drqn
2025-12-25 13:42:43,025 - INFO - Environment: mdp
2025-12-25 13:42:43,025 - INFO - Training Episodes: 100
2025-12-25 13:42:43,025 - INFO - Final Avg Reward: 0.480
2025-12-25 13:42:43,025 - INFO - Success Rate: 0.480
2025-12-25 13:42:43,025 - INFO - Training Time: 0.55s
2025-12-25 13:42:43,025 - INFO - ==================================================
